2026-04-30T15:30:31Z	WARN	'--vuln-type' is deprecated. Use '--pkg-types' instead.
2026-04-30T15:30:31Z	INFO	[vulndb] Need to update DB
2026-04-30T15:30:31Z	INFO	[vulndb] Downloading vulnerability DB...
2026-04-30T15:30:31Z	INFO	[vulndb] Downloading artifact...	repo="mirror.gcr.io/aquasec/trivy-db:2"
3.59 MiB / 91.49 MiB [-->____________________________________________________________] 3.93% ? p/s ?6.31 MiB / 91.49 MiB [---->__________________________________________________________] 6.90% ? p/s ?8.59 MiB / 91.49 MiB [----->_________________________________________________________] 9.39% ? p/s ?10.84 MiB / 91.49 MiB [----->__________________________________________] 11.85% 12.07 MiB p/s ETA 6s13.12 MiB / 91.49 MiB [------>_________________________________________] 14.35% 12.07 MiB p/s ETA 6s15.41 MiB / 91.49 MiB [-------->_______________________________________] 16.84% 12.07 MiB p/s ETA 6s17.67 MiB / 91.49 MiB [--------->______________________________________] 19.32% 12.03 MiB p/s ETA 6s19.95 MiB / 91.49 MiB [---------->_____________________________________] 21.81% 12.03 MiB p/s ETA 5s22.22 MiB / 91.49 MiB [----------->____________________________________] 24.28% 12.03 MiB p/s ETA 5s24.45 MiB / 91.49 MiB [------------>___________________________________] 26.73% 11.98 MiB p/s ETA 5s26.73 MiB / 91.49 MiB [-------------->_________________________________] 29.22% 11.98 MiB p/s ETA 5s29.00 MiB / 91.49 MiB [--------------->________________________________] 31.70% 11.98 MiB p/s ETA 5s31.27 MiB / 91.49 MiB [---------------->_______________________________] 34.17% 11.94 MiB p/s ETA 5s33.55 MiB / 91.49 MiB [----------------->______________________________] 36.67% 11.94 MiB p/s ETA 4s35.81 MiB / 91.49 MiB [------------------>_____________________________] 39.14% 11.94 MiB p/s ETA 4s38.09 MiB / 91.49 MiB [------------------->____________________________] 41.64% 11.90 MiB p/s ETA 4s40.34 MiB / 91.49 MiB [--------------------->__________________________] 44.10% 11.90 MiB p/s ETA 4s42.61 MiB / 91.49 MiB [---------------------->_________________________] 46.57% 11.90 MiB p/s ETA 4s44.91 MiB / 91.49 MiB [----------------------->________________________] 49.08% 11.87 MiB p/s ETA 3s47.17 MiB / 91.49 MiB [------------------------>_______________________] 51.56% 11.87 MiB p/s ETA 3s49.42 MiB / 91.49 MiB [------------------------->______________________] 54.02% 11.87 MiB p/s ETA 3s51.72 MiB / 91.49 MiB [--------------------------->____________________] 56.53% 11.84 MiB p/s ETA 3s53.98 MiB / 91.49 MiB [---------------------------->___________________] 59.00% 11.84 MiB p/s ETA 3s56.23 MiB / 91.49 MiB [----------------------------->__________________] 61.46% 11.84 MiB p/s ETA 2s58.52 MiB / 91.49 MiB [------------------------------>_________________] 63.96% 11.80 MiB p/s ETA 2s60.80 MiB / 91.49 MiB [------------------------------->________________] 66.45% 11.80 MiB p/s ETA 2s63.08 MiB / 91.49 MiB [--------------------------------->______________] 68.94% 11.80 MiB p/s ETA 2s65.34 MiB / 91.49 MiB [---------------------------------->_____________] 71.42% 11.78 MiB p/s ETA 2s67.61 MiB / 91.49 MiB [----------------------------------->____________] 73.90% 11.78 MiB p/s ETA 2s69.89 MiB / 91.49 MiB [------------------------------------>___________] 76.39% 11.78 MiB p/s ETA 1s72.14 MiB / 91.49 MiB [------------------------------------->__________] 78.85% 11.75 MiB p/s ETA 1s74.44 MiB / 91.49 MiB [--------------------------------------->________] 81.36% 11.75 MiB p/s ETA 1s77.72 MiB / 91.49 MiB [---------------------------------------->_______] 84.95% 11.75 MiB p/s ETA 1s78.95 MiB / 91.49 MiB [----------------------------------------->______] 86.30% 11.72 MiB p/s ETA 1s81.23 MiB / 91.49 MiB [------------------------------------------>_____] 88.79% 11.72 MiB p/s ETA 0s83.42 MiB / 91.49 MiB [------------------------------------------->____] 91.18% 11.72 MiB p/s ETA 0s85.72 MiB / 91.49 MiB [-------------------------------------------->___] 93.69% 11.69 MiB p/s ETA 0s87.97 MiB / 91.49 MiB [---------------------------------------------->_] 96.15% 11.69 MiB p/s ETA 0s90.25 MiB / 91.49 MiB [----------------------------------------------->] 98.64% 11.69 MiB p/s ETA 0s91.49 MiB / 91.49 MiB [---------------------------------------------->] 100.00% 11.56 MiB p/s ETA 0s91.49 MiB / 91.49 MiB [---------------------------------------------->] 100.00% 11.56 MiB p/s ETA 0s91.49 MiB / 91.49 MiB [---------------------------------------------->] 100.00% 11.56 MiB p/s ETA 0s91.49 MiB / 91.49 MiB [---------------------------------------------->] 100.00% 10.81 MiB p/s ETA 0s91.49 MiB / 91.49 MiB [---------------------------------------------->] 100.00% 10.81 MiB p/s ETA 0s91.49 MiB / 91.49 MiB [---------------------------------------------->] 100.00% 10.81 MiB p/s ETA 0s91.49 MiB / 91.49 MiB [---------------------------------------------->] 100.00% 10.11 MiB p/s ETA 0s91.49 MiB / 91.49 MiB [---------------------------------------------->] 100.00% 10.11 MiB p/s ETA 0s91.49 MiB / 91.49 MiB [---------------------------------------------->] 100.00% 10.11 MiB p/s ETA 0s91.49 MiB / 91.49 MiB [----------------------------------------------->] 100.00% 9.46 MiB p/s ETA 0s91.49 MiB / 91.49 MiB [--------------------------------------------------] 100.00% 9.43 MiB p/s 9.9s2026-04-30T15:30:41Z	INFO	[vulndb] Artifact successfully downloaded	repo="mirror.gcr.io/aquasec/trivy-db:2"
2026-04-30T15:30:41Z	INFO	[vuln] Vulnerability scanning is enabled
2026-04-30T15:30:41Z	INFO	[secret] Secret scanning is enabled
2026-04-30T15:30:41Z	INFO	[secret] If your scanning is slow, please try '--scanners vuln' to disable secret scanning
2026-04-30T15:30:41Z	INFO	[secret] Please see https://trivy.dev/docs/v0.70/guide/scanner/secret#recommendation for faster secret detection
2026-04-30T15:30:45Z	INFO	[python] Licenses acquired from one or more METADATA files may be subject to additional terms. Use `--debug` flag to see all affected packages.
2026-04-30T15:30:46Z	INFO	Detected OS	family="debian" version="13.4"
2026-04-30T15:30:46Z	INFO	[debian] Detecting vulnerabilities...	os_version="13" pkg_num=87
2026-04-30T15:30:46Z	INFO	Number of language-specific files	num=1
2026-04-30T15:30:46Z	INFO	[python-pkg] Detecting vulnerabilities...
2026-04-30T15:30:46Z	WARN	Using severities from other vendors for some vulnerabilities. Read https://trivy.dev/docs/v0.70/guide/scanner/vulnerability#severity-selection for details.

Report Summary

┌──────────────────────────────────────────────────────────────────────────────────┬────────────┬─────────────────┬─────────┐
│                                      Target                                      │    Type    │ Vulnerabilities │ Secrets │
├──────────────────────────────────────────────────────────────────────────────────┼────────────┼─────────────────┼─────────┤
│ tp-devsecops-pipeline:ci (debian 13.4)                                           │   debian   │        0        │    -    │
├──────────────────────────────────────────────────────────────────────────────────┼────────────┼─────────────────┼─────────┤
│ usr/local/lib/python3.12/site-packages/annotated_doc-0.0.4.dist-info/METADATA    │ python-pkg │        0        │    -    │
├──────────────────────────────────────────────────────────────────────────────────┼────────────┼─────────────────┼─────────┤
│ usr/local/lib/python3.12/site-packages/annotated_types-0.7.0.dist-info/METADATA  │ python-pkg │        0        │    -    │
├──────────────────────────────────────────────────────────────────────────────────┼────────────┼─────────────────┼─────────┤
│ usr/local/lib/python3.12/site-packages/anyio-4.13.0.dist-info/METADATA           │ python-pkg │        0        │    -    │
├──────────────────────────────────────────────────────────────────────────────────┼────────────┼─────────────────┼─────────┤
│ usr/local/lib/python3.12/site-packages/bandit-1.8.0.dist-info/METADATA           │ python-pkg │        0        │    -    │
├──────────────────────────────────────────────────────────────────────────────────┼────────────┼─────────────────┼─────────┤
│ usr/local/lib/python3.12/site-packages/boolean_py-5.0.dist-info/METADATA         │ python-pkg │        0        │    -    │
├──────────────────────────────────────────────────────────────────────────────────┼────────────┼─────────────────┼─────────┤
│ usr/local/lib/python3.12/site-packages/cachecontrol-0.14.4.dist-info/METADATA    │ python-pkg │        0        │    -    │
├──────────────────────────────────────────────────────────────────────────────────┼────────────┼─────────────────┼─────────┤
│ usr/local/lib/python3.12/site-packages/certifi-2026.4.22.dist-info/METADATA      │ python-pkg │        0        │    -    │
├──────────────────────────────────────────────────────────────────────────────────┼────────────┼─────────────────┼─────────┤
│ usr/local/lib/python3.12/site-packages/charset_normalizer-3.4.7.dist-info/METAD- │ python-pkg │        0        │    -    │
│ ATA                                                                              │            │                 │         │
├──────────────────────────────────────────────────────────────────────────────────┼────────────┼─────────────────┼─────────┤
│ usr/local/lib/python3.12/site-packages/click-8.3.3.dist-info/METADATA            │ python-pkg │        0        │    -    │
├──────────────────────────────────────────────────────────────────────────────────┼────────────┼─────────────────┼─────────┤
│ usr/local/lib/python3.12/site-packages/cyclonedx_python_lib-7.6.2.dist-info/MET- │ python-pkg │        0        │    -    │
│ ADATA                                                                            │            │                 │         │
├──────────────────────────────────────────────────────────────────────────────────┼────────────┼─────────────────┼─────────┤
│ usr/local/lib/python3.12/site-packages/defusedxml-0.7.1.dist-info/METADATA       │ python-pkg │        0        │    -    │
├──────────────────────────────────────────────────────────────────────────────────┼────────────┼─────────────────┼─────────┤
│ usr/local/lib/python3.12/site-packages/fastapi-0.136.1.dist-info/METADATA        │ python-pkg │        0        │    -    │
├──────────────────────────────────────────────────────────────────────────────────┼────────────┼─────────────────┼─────────┤
│ usr/local/lib/python3.12/site-packages/filelock-3.29.0.dist-info/METADATA        │ python-pkg │        0        │    -    │
├──────────────────────────────────────────────────────────────────────────────────┼────────────┼─────────────────┼─────────┤
│ usr/local/lib/python3.12/site-packages/h11-0.16.0.dist-info/METADATA             │ python-pkg │        0        │    -    │
├──────────────────────────────────────────────────────────────────────────────────┼────────────┼─────────────────┼─────────┤
│ usr/local/lib/python3.12/site-packages/html5lib-1.1.dist-info/METADATA           │ python-pkg │        0        │    -    │
├──────────────────────────────────────────────────────────────────────────────────┼────────────┼─────────────────┼─────────┤
│ usr/local/lib/python3.12/site-packages/httpcore-1.0.9.dist-info/METADATA         │ python-pkg │        0        │    -    │
├──────────────────────────────────────────────────────────────────────────────────┼────────────┼─────────────────┼─────────┤
│ usr/local/lib/python3.12/site-packages/httptools-0.7.1.dist-info/METADATA        │ python-pkg │        0        │    -    │
├──────────────────────────────────────────────────────────────────────────────────┼────────────┼─────────────────┼─────────┤
│ usr/local/lib/python3.12/site-packages/httpx-0.28.1.dist-info/METADATA           │ python-pkg │        0        │    -    │
├──────────────────────────────────────────────────────────────────────────────────┼────────────┼─────────────────┼─────────┤
│ usr/local/lib/python3.12/site-packages/idna-3.13.dist-info/METADATA              │ python-pkg │        0        │    -    │
├──────────────────────────────────────────────────────────────────────────────────┼────────────┼─────────────────┼─────────┤
│ usr/local/lib/python3.12/site-packages/iniconfig-2.3.0.dist-info/METADATA        │ python-pkg │        0        │    -    │
├──────────────────────────────────────────────────────────────────────────────────┼────────────┼─────────────────┼─────────┤
│ usr/local/lib/python3.12/site-packages/license_expression-30.4.4.dist-info/META- │ python-pkg │        0        │    -    │
│ DATA                                                                             │            │                 │         │
├──────────────────────────────────────────────────────────────────────────────────┼────────────┼─────────────────┼─────────┤
│ usr/local/lib/python3.12/site-packages/markdown_it_py-4.0.0.dist-info/METADATA   │ python-pkg │        0        │    -    │
├──────────────────────────────────────────────────────────────────────────────────┼────────────┼─────────────────┼─────────┤
│ usr/local/lib/python3.12/site-packages/mdurl-0.1.2.dist-info/METADATA            │ python-pkg │        0        │    -    │
├──────────────────────────────────────────────────────────────────────────────────┼────────────┼─────────────────┼─────────┤
│ usr/local/lib/python3.12/site-packages/msgpack-1.1.2.dist-info/METADATA          │ python-pkg │        0        │    -    │
├──────────────────────────────────────────────────────────────────────────────────┼────────────┼─────────────────┼─────────┤
│ usr/local/lib/python3.12/site-packages/packageurl_python-0.17.6.dist-info/METAD- │ python-pkg │        0        │    -    │
│ ATA                                                                              │            │                 │         │
├──────────────────────────────────────────────────────────────────────────────────┼────────────┼─────────────────┼─────────┤
│ usr/local/lib/python3.12/site-packages/packaging-26.2.dist-info/METADATA         │ python-pkg │        0        │    -    │
├──────────────────────────────────────────────────────────────────────────────────┼────────────┼─────────────────┼─────────┤
│ usr/local/lib/python3.12/site-packages/pip-25.0.1.dist-info/METADATA             │ python-pkg │        0        │    -    │
├──────────────────────────────────────────────────────────────────────────────────┼────────────┼─────────────────┼─────────┤
│ usr/local/lib/python3.12/site-packages/pip_api-0.0.34.dist-info/METADATA         │ python-pkg │        0        │    -    │
├──────────────────────────────────────────────────────────────────────────────────┼────────────┼─────────────────┼─────────┤
│ usr/local/lib/python3.12/site-packages/pip_audit-2.7.3.dist-info/METADATA        │ python-pkg │        0        │    -    │
├──────────────────────────────────────────────────────────────────────────────────┼────────────┼─────────────────┼─────────┤
│ usr/local/lib/python3.12/site-packages/pip_requirements_parser-32.0.1.dist-info- │ python-pkg │        0        │    -    │
│ /METADATA                                                                        │            │                 │         │
├──────────────────────────────────────────────────────────────────────────────────┼────────────┼─────────────────┼─────────┤
│ usr/local/lib/python3.12/site-packages/pluggy-1.6.0.dist-info/METADATA           │ python-pkg │        0        │    -    │
├──────────────────────────────────────────────────────────────────────────────────┼────────────┼─────────────────┼─────────┤
│ usr/local/lib/python3.12/site-packages/py_serializable-1.1.2.dist-info/METADATA  │ python-pkg │        0        │    -    │
├──────────────────────────────────────────────────────────────────────────────────┼────────────┼─────────────────┼─────────┤
│ usr/local/lib/python3.12/site-packages/pydantic-2.13.3.dist-info/METADATA        │ python-pkg │        0        │    -    │
├──────────────────────────────────────────────────────────────────────────────────┼────────────┼─────────────────┼─────────┤
│ usr/local/lib/python3.12/site-packages/pydantic_core-2.46.3.dist-info/METADATA   │ python-pkg │        0        │    -    │
├──────────────────────────────────────────────────────────────────────────────────┼────────────┼─────────────────┼─────────┤
│ usr/local/lib/python3.12/site-packages/pygments-2.20.0.dist-info/METADATA        │ python-pkg │        0        │    -    │
├──────────────────────────────────────────────────────────────────────────────────┼────────────┼─────────────────┼─────────┤
│ usr/local/lib/python3.12/site-packages/pyparsing-3.3.2.dist-info/METADATA        │ python-pkg │        0        │    -    │
├──────────────────────────────────────────────────────────────────────────────────┼────────────┼─────────────────┼─────────┤
│ usr/local/lib/python3.12/site-packages/pytest-9.0.3.dist-info/METADATA           │ python-pkg │        0        │    -    │
├──────────────────────────────────────────────────────────────────────────────────┼────────────┼─────────────────┼─────────┤
│ usr/local/lib/python3.12/site-packages/python_dotenv-1.2.2.dist-info/METADATA    │ python-pkg │        0        │    -    │
├──────────────────────────────────────────────────────────────────────────────────┼────────────┼─────────────────┼─────────┤
│ usr/local/lib/python3.12/site-packages/pyyaml-6.0.3.dist-info/METADATA           │ python-pkg │        0        │    -    │
├──────────────────────────────────────────────────────────────────────────────────┼────────────┼─────────────────┼─────────┤
│ usr/local/lib/python3.12/site-packages/requests-2.33.1.dist-info/METADATA        │ python-pkg │        0        │    -    │
├──────────────────────────────────────────────────────────────────────────────────┼────────────┼─────────────────┼─────────┤
│ usr/local/lib/python3.12/site-packages/rich-15.0.0.dist-info/METADATA            │ python-pkg │        0        │    -    │
├──────────────────────────────────────────────────────────────────────────────────┼────────────┼─────────────────┼─────────┤
│ usr/local/lib/python3.12/site-packages/six-1.17.0.dist-info/METADATA             │ python-pkg │        0        │    -    │
├──────────────────────────────────────────────────────────────────────────────────┼────────────┼─────────────────┼─────────┤
│ usr/local/lib/python3.12/site-packages/sortedcontainers-2.4.0.dist-info/METADATA │ python-pkg │        0        │    -    │
├──────────────────────────────────────────────────────────────────────────────────┼────────────┼─────────────────┼─────────┤
│ usr/local/lib/python3.12/site-packages/starlette-1.0.0.dist-info/METADATA        │ python-pkg │        0        │    -    │
├──────────────────────────────────────────────────────────────────────────────────┼────────────┼─────────────────┼─────────┤
│ usr/local/lib/python3.12/site-packages/stevedore-5.7.0.dist-info/METADATA        │ python-pkg │        0        │    -    │
├──────────────────────────────────────────────────────────────────────────────────┼────────────┼─────────────────┼─────────┤
│ usr/local/lib/python3.12/site-packages/toml-0.10.2.dist-info/METADATA            │ python-pkg │        0        │    -    │
├──────────────────────────────────────────────────────────────────────────────────┼────────────┼─────────────────┼─────────┤
│ usr/local/lib/python3.12/site-packages/typing_extensions-4.15.0.dist-info/METAD- │ python-pkg │        0        │    -    │
│ ATA                                                                              │            │                 │         │
├──────────────────────────────────────────────────────────────────────────────────┼────────────┼─────────────────┼─────────┤
│ usr/local/lib/python3.12/site-packages/typing_inspection-0.4.2.dist-info/METADA- │ python-pkg │        0        │    -    │
│ TA                                                                               │            │                 │         │
├──────────────────────────────────────────────────────────────────────────────────┼────────────┼─────────────────┼─────────┤
│ usr/local/lib/python3.12/site-packages/urllib3-2.6.3.dist-info/METADATA          │ python-pkg │        0        │    -    │
├──────────────────────────────────────────────────────────────────────────────────┼────────────┼─────────────────┼─────────┤
│ usr/local/lib/python3.12/site-packages/uvicorn-0.34.0.dist-info/METADATA         │ python-pkg │        0        │    -    │
├──────────────────────────────────────────────────────────────────────────────────┼────────────┼─────────────────┼─────────┤
│ usr/local/lib/python3.12/site-packages/uvloop-0.22.1.dist-info/METADATA          │ python-pkg │        0        │    -    │
├──────────────────────────────────────────────────────────────────────────────────┼────────────┼─────────────────┼─────────┤
│ usr/local/lib/python3.12/site-packages/watchfiles-1.1.1.dist-info/METADATA       │ python-pkg │        0        │    -    │
├──────────────────────────────────────────────────────────────────────────────────┼────────────┼─────────────────┼─────────┤
│ usr/local/lib/python3.12/site-packages/webencodings-0.5.1.dist-info/METADATA     │ python-pkg │        0        │    -    │
├──────────────────────────────────────────────────────────────────────────────────┼────────────┼─────────────────┼─────────┤
│ usr/local/lib/python3.12/site-packages/websockets-16.0.dist-info/METADATA        │ python-pkg │        0        │    -    │
└──────────────────────────────────────────────────────────────────────────────────┴────────────┴─────────────────┴─────────┘
Legend:
- '-': Not scanned
- '0': Clean (no security findings detected)

