2026-04-30T15:30:10Z	WARN	'--vuln-type' is deprecated. Use '--pkg-types' instead.
2026-04-30T15:30:10Z	INFO	[vulndb] Need to update DB
2026-04-30T15:30:10Z	INFO	[vulndb] Downloading vulnerability DB...
2026-04-30T15:30:10Z	INFO	[vulndb] Downloading artifact...	repo="mirror.gcr.io/aquasec/trivy-db:2"
3.37 MiB / 91.49 MiB [-->____________________________________________________________] 3.69% ? p/s ?5.42 MiB / 91.49 MiB [--->___________________________________________________________] 5.93% ? p/s ?8.59 MiB / 91.49 MiB [----->_________________________________________________________] 9.39% ? p/s ?10.87 MiB / 91.49 MiB [----->__________________________________________] 11.89% 12.52 MiB p/s ETA 6s13.09 MiB / 91.49 MiB [------>_________________________________________] 14.31% 12.52 MiB p/s ETA 6s15.41 MiB / 91.49 MiB [-------->_______________________________________] 16.84% 12.52 MiB p/s ETA 6s17.69 MiB / 91.49 MiB [--------->______________________________________] 19.33% 12.45 MiB p/s ETA 5s19.95 MiB / 91.49 MiB [---------->_____________________________________] 21.81% 12.45 MiB p/s ETA 5s22.22 MiB / 91.49 MiB [----------->____________________________________] 24.28% 12.45 MiB p/s ETA 5s24.50 MiB / 91.49 MiB [------------>___________________________________] 26.78% 12.38 MiB p/s ETA 5s26.66 MiB / 91.49 MiB [------------->__________________________________] 29.13% 12.38 MiB p/s ETA 5s29.03 MiB / 91.49 MiB [--------------->________________________________] 31.73% 12.38 MiB p/s ETA 5s31.31 MiB / 91.49 MiB [---------------->_______________________________] 34.22% 12.30 MiB p/s ETA 4s33.58 MiB / 91.49 MiB [----------------->______________________________] 36.70% 12.30 MiB p/s ETA 4s35.86 MiB / 91.49 MiB [------------------>_____________________________] 39.19% 12.30 MiB p/s ETA 4s38.14 MiB / 91.49 MiB [-------------------->___________________________] 41.69% 12.25 MiB p/s ETA 4s40.50 MiB / 91.49 MiB [--------------------->__________________________] 44.27% 12.25 MiB p/s ETA 4s42.67 MiB / 91.49 MiB [---------------------->_________________________] 46.64% 12.25 MiB p/s ETA 3s44.95 MiB / 91.49 MiB [----------------------->________________________] 49.13% 12.19 MiB p/s ETA 3s47.22 MiB / 91.49 MiB [------------------------>_______________________] 51.61% 12.19 MiB p/s ETA 3s49.50 MiB / 91.49 MiB [------------------------->______________________] 54.10% 12.19 MiB p/s ETA 3s51.75 MiB / 91.49 MiB [--------------------------->____________________] 56.56% 12.14 MiB p/s ETA 3s54.03 MiB / 91.49 MiB [---------------------------->___________________] 59.06% 12.14 MiB p/s ETA 3s56.33 MiB / 91.49 MiB [----------------------------->__________________] 61.57% 12.14 MiB p/s ETA 2s58.59 MiB / 91.49 MiB [------------------------------>_________________] 64.04% 12.09 MiB p/s ETA 2s62.81 MiB / 91.49 MiB [-------------------------------->_______________] 68.65% 12.09 MiB p/s ETA 2s63.06 MiB / 91.49 MiB [--------------------------------->______________] 68.93% 12.09 MiB p/s ETA 2s65.41 MiB / 91.49 MiB [---------------------------------->_____________] 71.49% 12.04 MiB p/s ETA 2s67.66 MiB / 91.49 MiB [----------------------------------->____________] 73.95% 12.04 MiB p/s ETA 1s69.94 MiB / 91.49 MiB [------------------------------------>___________] 76.44% 12.04 MiB p/s ETA 1s72.19 MiB / 91.49 MiB [------------------------------------->__________] 78.90% 12.00 MiB p/s ETA 1s74.48 MiB / 91.49 MiB [--------------------------------------->________] 81.41% 12.00 MiB p/s ETA 1s76.75 MiB / 91.49 MiB [---------------------------------------->_______] 83.89% 12.00 MiB p/s ETA 1s79.00 MiB / 91.49 MiB [----------------------------------------->______] 86.35% 11.95 MiB p/s ETA 1s81.28 MiB / 91.49 MiB [------------------------------------------>_____] 88.84% 11.95 MiB p/s ETA 0s83.55 MiB / 91.49 MiB [------------------------------------------->____] 91.32% 11.95 MiB p/s ETA 0s85.83 MiB / 91.49 MiB [--------------------------------------------->__] 93.81% 11.92 MiB p/s ETA 0s88.09 MiB / 91.49 MiB [---------------------------------------------->_] 96.29% 11.92 MiB p/s ETA 0s90.36 MiB / 91.49 MiB [----------------------------------------------->] 98.76% 11.92 MiB p/s ETA 0s91.49 MiB / 91.49 MiB [---------------------------------------------->] 100.00% 11.57 MiB p/s ETA 0s91.49 MiB / 91.49 MiB [---------------------------------------------->] 100.00% 11.57 MiB p/s ETA 0s91.49 MiB / 91.49 MiB [---------------------------------------------->] 100.00% 11.57 MiB p/s ETA 0s91.49 MiB / 91.49 MiB [---------------------------------------------->] 100.00% 10.82 MiB p/s ETA 0s91.49 MiB / 91.49 MiB [---------------------------------------------->] 100.00% 10.82 MiB p/s ETA 0s91.49 MiB / 91.49 MiB [---------------------------------------------->] 100.00% 10.82 MiB p/s ETA 0s91.49 MiB / 91.49 MiB [---------------------------------------------->] 100.00% 10.12 MiB p/s ETA 0s91.49 MiB / 91.49 MiB [---------------------------------------------->] 100.00% 10.12 MiB p/s ETA 0s91.49 MiB / 91.49 MiB [---------------------------------------------->] 100.00% 10.12 MiB p/s ETA 0s91.49 MiB / 91.49 MiB [----------------------------------------------->] 100.00% 9.47 MiB p/s ETA 0s91.49 MiB / 91.49 MiB [----------------------------------------------->] 100.00% 9.47 MiB p/s ETA 0s91.49 MiB / 91.49 MiB [----------------------------------------------->] 100.00% 9.47 MiB p/s ETA 0s91.49 MiB / 91.49 MiB [---------------------------------------------------] 100.00% 8.90 MiB p/s 10s2026-04-30T15:30:21Z	INFO	[vulndb] Artifact successfully downloaded	repo="mirror.gcr.io/aquasec/trivy-db:2"
2026-04-30T15:30:21Z	INFO	[vuln] Vulnerability scanning is enabled
2026-04-30T15:30:21Z	INFO	[secret] Secret scanning is enabled
2026-04-30T15:30:21Z	INFO	[secret] If your scanning is slow, please try '--scanners vuln' to disable secret scanning
2026-04-30T15:30:21Z	INFO	[secret] Please see https://trivy.dev/docs/v0.70/guide/scanner/secret#recommendation for faster secret detection
2026-04-30T15:30:24Z	INFO	[python] Licenses acquired from one or more METADATA files may be subject to additional terms. Use `--debug` flag to see all affected packages.
2026-04-30T15:30:24Z	INFO	Detected OS	family="debian" version="13.4"
2026-04-30T15:30:24Z	INFO	[debian] Detecting vulnerabilities...	os_version="13" pkg_num=87
2026-04-30T15:30:24Z	INFO	Number of language-specific files	num=1
2026-04-30T15:30:24Z	INFO	[python-pkg] Detecting vulnerabilities...
2026-04-30T15:30:24Z	WARN	Using severities from other vendors for some vulnerabilities. Read https://trivy.dev/docs/v0.70/guide/scanner/vulnerability#severity-selection for details.

Report Summary

┌──────────────────────────────────────────────────────────────────────────────────┬────────────┬─────────────────┬─────────┐
│                                      Target                                      │    Type    │ Vulnerabilities │ Secrets │
├──────────────────────────────────────────────────────────────────────────────────┼────────────┼─────────────────┼─────────┤
│ tp-devsecops-pipeline:ci (debian 13.4)                                           │   debian   │        6        │    -    │
├──────────────────────────────────────────────────────────────────────────────────┼────────────┼─────────────────┼─────────┤
│ usr/local/lib/python3.12/site-packages/annotated_doc-0.0.4.dist-info/METADATA    │ python-pkg │        0        │    -    │
├──────────────────────────────────────────────────────────────────────────────────┼────────────┼─────────────────┼─────────┤
│ usr/local/lib/python3.12/site-packages/annotated_types-0.7.0.dist-info/METADATA  │ python-pkg │        0        │    -    │
├──────────────────────────────────────────────────────────────────────────────────┼────────────┼─────────────────┼─────────┤
│ usr/local/lib/python3.12/site-packages/anyio-4.13.0.dist-info/METADATA           │ python-pkg │        0        │    -    │
├──────────────────────────────────────────────────────────────────────────────────┼────────────┼─────────────────┼─────────┤
│ usr/local/lib/python3.12/site-packages/bandit-1.8.0.dist-info/METADATA           │ python-pkg │        0        │    -    │
├──────────────────────────────────────────────────────────────────────────────────┼────────────┼─────────────────┼─────────┤
│ usr/local/lib/python3.12/site-packages/boolean_py-5.0.dist-info/METADATA         │ python-pkg │        0        │    -    │
├──────────────────────────────────────────────────────────────────────────────────┼────────────┼─────────────────┼─────────┤
│ usr/local/lib/python3.12/site-packages/cachecontrol-0.14.4.dist-info/METADATA    │ python-pkg │        0        │    -    │
├──────────────────────────────────────────────────────────────────────────────────┼────────────┼─────────────────┼─────────┤
│ usr/local/lib/python3.12/site-packages/certifi-2026.4.22.dist-info/METADATA      │ python-pkg │        0        │    -    │
├──────────────────────────────────────────────────────────────────────────────────┼────────────┼─────────────────┼─────────┤
│ usr/local/lib/python3.12/site-packages/charset_normalizer-3.4.7.dist-info/METAD- │ python-pkg │        0        │    -    │
│ ATA                                                                              │            │                 │         │
├──────────────────────────────────────────────────────────────────────────────────┼────────────┼─────────────────┼─────────┤
│ usr/local/lib/python3.12/site-packages/click-8.3.3.dist-info/METADATA            │ python-pkg │        0        │    -    │
├──────────────────────────────────────────────────────────────────────────────────┼────────────┼─────────────────┼─────────┤
│ usr/local/lib/python3.12/site-packages/cyclonedx_python_lib-7.6.2.dist-info/MET- │ python-pkg │        0        │    -    │
│ ADATA                                                                            │            │                 │         │
├──────────────────────────────────────────────────────────────────────────────────┼────────────┼─────────────────┼─────────┤
│ usr/local/lib/python3.12/site-packages/defusedxml-0.7.1.dist-info/METADATA       │ python-pkg │        0        │    -    │
├──────────────────────────────────────────────────────────────────────────────────┼────────────┼─────────────────┼─────────┤
│ usr/local/lib/python3.12/site-packages/fastapi-0.136.1.dist-info/METADATA        │ python-pkg │        0        │    -    │
├──────────────────────────────────────────────────────────────────────────────────┼────────────┼─────────────────┼─────────┤
│ usr/local/lib/python3.12/site-packages/filelock-3.29.0.dist-info/METADATA        │ python-pkg │        0        │    -    │
├──────────────────────────────────────────────────────────────────────────────────┼────────────┼─────────────────┼─────────┤
│ usr/local/lib/python3.12/site-packages/h11-0.16.0.dist-info/METADATA             │ python-pkg │        0        │    -    │
├──────────────────────────────────────────────────────────────────────────────────┼────────────┼─────────────────┼─────────┤
│ usr/local/lib/python3.12/site-packages/html5lib-1.1.dist-info/METADATA           │ python-pkg │        0        │    -    │
├──────────────────────────────────────────────────────────────────────────────────┼────────────┼─────────────────┼─────────┤
│ usr/local/lib/python3.12/site-packages/httpcore-1.0.9.dist-info/METADATA         │ python-pkg │        0        │    -    │
├──────────────────────────────────────────────────────────────────────────────────┼────────────┼─────────────────┼─────────┤
│ usr/local/lib/python3.12/site-packages/httptools-0.7.1.dist-info/METADATA        │ python-pkg │        0        │    -    │
├──────────────────────────────────────────────────────────────────────────────────┼────────────┼─────────────────┼─────────┤
│ usr/local/lib/python3.12/site-packages/httpx-0.28.1.dist-info/METADATA           │ python-pkg │        0        │    -    │
├──────────────────────────────────────────────────────────────────────────────────┼────────────┼─────────────────┼─────────┤
│ usr/local/lib/python3.12/site-packages/idna-3.13.dist-info/METADATA              │ python-pkg │        0        │    -    │
├──────────────────────────────────────────────────────────────────────────────────┼────────────┼─────────────────┼─────────┤
│ usr/local/lib/python3.12/site-packages/iniconfig-2.3.0.dist-info/METADATA        │ python-pkg │        0        │    -    │
├──────────────────────────────────────────────────────────────────────────────────┼────────────┼─────────────────┼─────────┤
│ usr/local/lib/python3.12/site-packages/license_expression-30.4.4.dist-info/META- │ python-pkg │        0        │    -    │
│ DATA                                                                             │            │                 │         │
├──────────────────────────────────────────────────────────────────────────────────┼────────────┼─────────────────┼─────────┤
│ usr/local/lib/python3.12/site-packages/markdown_it_py-4.0.0.dist-info/METADATA   │ python-pkg │        0        │    -    │
├──────────────────────────────────────────────────────────────────────────────────┼────────────┼─────────────────┼─────────┤
│ usr/local/lib/python3.12/site-packages/mdurl-0.1.2.dist-info/METADATA            │ python-pkg │        0        │    -    │
├──────────────────────────────────────────────────────────────────────────────────┼────────────┼─────────────────┼─────────┤
│ usr/local/lib/python3.12/site-packages/msgpack-1.1.2.dist-info/METADATA          │ python-pkg │        0        │    -    │
├──────────────────────────────────────────────────────────────────────────────────┼────────────┼─────────────────┼─────────┤
│ usr/local/lib/python3.12/site-packages/packageurl_python-0.17.6.dist-info/METAD- │ python-pkg │        0        │    -    │
│ ATA                                                                              │            │                 │         │
├──────────────────────────────────────────────────────────────────────────────────┼────────────┼─────────────────┼─────────┤
│ usr/local/lib/python3.12/site-packages/packaging-26.2.dist-info/METADATA         │ python-pkg │        0        │    -    │
├──────────────────────────────────────────────────────────────────────────────────┼────────────┼─────────────────┼─────────┤
│ usr/local/lib/python3.12/site-packages/pip-25.0.1.dist-info/METADATA             │ python-pkg │        0        │    -    │
├──────────────────────────────────────────────────────────────────────────────────┼────────────┼─────────────────┼─────────┤
│ usr/local/lib/python3.12/site-packages/pip_api-0.0.34.dist-info/METADATA         │ python-pkg │        0        │    -    │
├──────────────────────────────────────────────────────────────────────────────────┼────────────┼─────────────────┼─────────┤
│ usr/local/lib/python3.12/site-packages/pip_audit-2.7.3.dist-info/METADATA        │ python-pkg │        0        │    -    │
├──────────────────────────────────────────────────────────────────────────────────┼────────────┼─────────────────┼─────────┤
│ usr/local/lib/python3.12/site-packages/pip_requirements_parser-32.0.1.dist-info- │ python-pkg │        0        │    -    │
│ /METADATA                                                                        │            │                 │         │
├──────────────────────────────────────────────────────────────────────────────────┼────────────┼─────────────────┼─────────┤
│ usr/local/lib/python3.12/site-packages/pluggy-1.6.0.dist-info/METADATA           │ python-pkg │        0        │    -    │
├──────────────────────────────────────────────────────────────────────────────────┼────────────┼─────────────────┼─────────┤
│ usr/local/lib/python3.12/site-packages/py_serializable-1.1.2.dist-info/METADATA  │ python-pkg │        0        │    -    │
├──────────────────────────────────────────────────────────────────────────────────┼────────────┼─────────────────┼─────────┤
│ usr/local/lib/python3.12/site-packages/pydantic-2.13.3.dist-info/METADATA        │ python-pkg │        0        │    -    │
├──────────────────────────────────────────────────────────────────────────────────┼────────────┼─────────────────┼─────────┤
│ usr/local/lib/python3.12/site-packages/pydantic_core-2.46.3.dist-info/METADATA   │ python-pkg │        0        │    -    │
├──────────────────────────────────────────────────────────────────────────────────┼────────────┼─────────────────┼─────────┤
│ usr/local/lib/python3.12/site-packages/pygments-2.20.0.dist-info/METADATA        │ python-pkg │        0        │    -    │
├──────────────────────────────────────────────────────────────────────────────────┼────────────┼─────────────────┼─────────┤
│ usr/local/lib/python3.12/site-packages/pyparsing-3.3.2.dist-info/METADATA        │ python-pkg │        0        │    -    │
├──────────────────────────────────────────────────────────────────────────────────┼────────────┼─────────────────┼─────────┤
│ usr/local/lib/python3.12/site-packages/pytest-9.0.3.dist-info/METADATA           │ python-pkg │        0        │    -    │
├──────────────────────────────────────────────────────────────────────────────────┼────────────┼─────────────────┼─────────┤
│ usr/local/lib/python3.12/site-packages/python_dotenv-1.2.2.dist-info/METADATA    │ python-pkg │        0        │    -    │
├──────────────────────────────────────────────────────────────────────────────────┼────────────┼─────────────────┼─────────┤
│ usr/local/lib/python3.12/site-packages/pyyaml-6.0.3.dist-info/METADATA           │ python-pkg │        0        │    -    │
├──────────────────────────────────────────────────────────────────────────────────┼────────────┼─────────────────┼─────────┤
│ usr/local/lib/python3.12/site-packages/requests-2.33.1.dist-info/METADATA        │ python-pkg │        0        │    -    │
├──────────────────────────────────────────────────────────────────────────────────┼────────────┼─────────────────┼─────────┤
│ usr/local/lib/python3.12/site-packages/rich-15.0.0.dist-info/METADATA            │ python-pkg │        0        │    -    │
├──────────────────────────────────────────────────────────────────────────────────┼────────────┼─────────────────┼─────────┤
│ usr/local/lib/python3.12/site-packages/six-1.17.0.dist-info/METADATA             │ python-pkg │        0        │    -    │
├──────────────────────────────────────────────────────────────────────────────────┼────────────┼─────────────────┼─────────┤
│ usr/local/lib/python3.12/site-packages/sortedcontainers-2.4.0.dist-info/METADATA │ python-pkg │        0        │    -    │
├──────────────────────────────────────────────────────────────────────────────────┼────────────┼─────────────────┼─────────┤
│ usr/local/lib/python3.12/site-packages/starlette-1.0.0.dist-info/METADATA        │ python-pkg │        0        │    -    │
├──────────────────────────────────────────────────────────────────────────────────┼────────────┼─────────────────┼─────────┤
│ usr/local/lib/python3.12/site-packages/stevedore-5.7.0.dist-info/METADATA        │ python-pkg │        0        │    -    │
├──────────────────────────────────────────────────────────────────────────────────┼────────────┼─────────────────┼─────────┤
│ usr/local/lib/python3.12/site-packages/toml-0.10.2.dist-info/METADATA            │ python-pkg │        0        │    -    │
├──────────────────────────────────────────────────────────────────────────────────┼────────────┼─────────────────┼─────────┤
│ usr/local/lib/python3.12/site-packages/typing_extensions-4.15.0.dist-info/METAD- │ python-pkg │        0        │    -    │
│ ATA                                                                              │            │                 │         │
├──────────────────────────────────────────────────────────────────────────────────┼────────────┼─────────────────┼─────────┤
│ usr/local/lib/python3.12/site-packages/typing_inspection-0.4.2.dist-info/METADA- │ python-pkg │        0        │    -    │
│ TA                                                                               │            │                 │         │
├──────────────────────────────────────────────────────────────────────────────────┼────────────┼─────────────────┼─────────┤
│ usr/local/lib/python3.12/site-packages/urllib3-2.6.3.dist-info/METADATA          │ python-pkg │        0        │    -    │
├──────────────────────────────────────────────────────────────────────────────────┼────────────┼─────────────────┼─────────┤
│ usr/local/lib/python3.12/site-packages/uvicorn-0.34.0.dist-info/METADATA         │ python-pkg │        0        │    -    │
├──────────────────────────────────────────────────────────────────────────────────┼────────────┼─────────────────┼─────────┤
│ usr/local/lib/python3.12/site-packages/uvloop-0.22.1.dist-info/METADATA          │ python-pkg │        0        │    -    │
├──────────────────────────────────────────────────────────────────────────────────┼────────────┼─────────────────┼─────────┤
│ usr/local/lib/python3.12/site-packages/watchfiles-1.1.1.dist-info/METADATA       │ python-pkg │        0        │    -    │
├──────────────────────────────────────────────────────────────────────────────────┼────────────┼─────────────────┼─────────┤
│ usr/local/lib/python3.12/site-packages/webencodings-0.5.1.dist-info/METADATA     │ python-pkg │        0        │    -    │
├──────────────────────────────────────────────────────────────────────────────────┼────────────┼─────────────────┼─────────┤
│ usr/local/lib/python3.12/site-packages/websockets-16.0.dist-info/METADATA        │ python-pkg │        0        │    -    │
└──────────────────────────────────────────────────────────────────────────────────┴────────────┴─────────────────┴─────────┘
Legend:
- '-': Not scanned
- '0': Clean (no security findings detected)


tp-devsecops-pipeline:ci (debian 13.4)
======================================
Total: 6 (HIGH: 6, CRITICAL: 0)

┌──────────────┬────────────────┬──────────┬──────────┬───────────────────┬───────────────┬─────────────────────────────────────────────────────────────┐
│   Library    │ Vulnerability  │ Severity │  Status  │ Installed Version │ Fixed Version │                            Title                            │
├──────────────┼────────────────┼──────────┼──────────┼───────────────────┼───────────────┼─────────────────────────────────────────────────────────────┤
│ libncursesw6 │ CVE-2025-69720 │ HIGH     │ affected │ 6.5+20250216-2    │               │ ncurses: ncurses: Buffer overflow vulnerability may lead to │
│              │                │          │          │                   │               │ arbitrary code execution.                                   │
│              │                │          │          │                   │               │ https://avd.aquasec.com/nvd/cve-2025-69720                  │
├──────────────┼────────────────┤          │          ├───────────────────┼───────────────┼─────────────────────────────────────────────────────────────┤
│ libsystemd0  │ CVE-2026-29111 │          │          │ 257.9-1~deb13u1   │               │ systemd: systemd: Arbitrary code execution or Denial of     │
│              │                │          │          │                   │               │ Service via spurious IPC...                                 │
│              │                │          │          │                   │               │ https://avd.aquasec.com/nvd/cve-2026-29111                  │
├──────────────┼────────────────┤          │          ├───────────────────┼───────────────┼─────────────────────────────────────────────────────────────┤
│ libtinfo6    │ CVE-2025-69720 │          │          │ 6.5+20250216-2    │               │ ncurses: ncurses: Buffer overflow vulnerability may lead to │
│              │                │          │          │                   │               │ arbitrary code execution.                                   │
│              │                │          │          │                   │               │ https://avd.aquasec.com/nvd/cve-2025-69720                  │
├──────────────┼────────────────┤          │          ├───────────────────┼───────────────┼─────────────────────────────────────────────────────────────┤
│ libudev1     │ CVE-2026-29111 │          │          │ 257.9-1~deb13u1   │               │ systemd: systemd: Arbitrary code execution or Denial of     │
│              │                │          │          │                   │               │ Service via spurious IPC...                                 │
│              │                │          │          │                   │               │ https://avd.aquasec.com/nvd/cve-2026-29111                  │
├──────────────┼────────────────┤          │          ├───────────────────┼───────────────┼─────────────────────────────────────────────────────────────┤
│ ncurses-base │ CVE-2025-69720 │          │          │ 6.5+20250216-2    │               │ ncurses: ncurses: Buffer overflow vulnerability may lead to │
│              │                │          │          │                   │               │ arbitrary code execution.                                   │
│              │                │          │          │                   │               │ https://avd.aquasec.com/nvd/cve-2025-69720                  │
├──────────────┤                │          │          │                   ├───────────────┤                                                             │
│ ncurses-bin  │                │          │          │                   │               │                                                             │
│              │                │          │          │                   │               │                                                             │
│              │                │          │          │                   │               │                                                             │
└──────────────┴────────────────┴──────────┴──────────┴───────────────────┴───────────────┴─────────────────────────────────────────────────────────────┘
